[www.bstrust369.com/index.html]
[backblue.gif]
[fade.gif]
[index.html]
[www.bstrust369.com/index.html]
[ajax.googleapis.com/ajax/libs/webfont/1.6.26/webfont.js]
[cdn.prod.website-files.com/6546b155bb41482792fde091/6546b64ef033546e8f85e5f9_Webclip.png]
[cdn.prod.website-files.com/6546b155bb41482792fde091/6546b6403044e511378d387c_Favicon.png]
[www.bstrust369.com/about.html]
[www.bstrust369.com/catalog.html]
[www.bstrust369.com/blog.html]
[cdn.prod.website-files.com/65e725860dff8ddbac53ef69/65e72e89aa30683deed6904b_logo-removebg-preview.webp]
[cdn.prod.website-files.com/65e725860dff8ddbac53ef69/css/b-s-trust-real-estate.webflow.f078acd7a.css]
[www.bstrust369.com/faq.html]
[www.bstrust369.com/contact.html]
[www.bstrust369.com/contactform.html]
[www.bstrust369.com/blog-posts/navigating-the-real-estate-market.html]
[www.bstrust369.com/blog-posts/the-future-of-real-estate.html]
[cdn.prod.website-files.com/65e725860dff8ddbac53ef69/65e77ce861d6d87a8749617a_jpeg-optimizer_HDAlbania.jpg]
[cdn.prod.website-files.com/65e725860dff8ddbac53ef69/65e781e41341c84f6c60209c_balcony.jpg]
[cdn.prod.website-files.com/65e725860dff8ddbac53ef69/65e780f8a37e295c45727492_albania-194.webp]
[cdn.prod.website-files.com/65e725860dff8ddbac53ef69/65e7983f07add0997b99b124_Ceremonia_e_Marrjes_se_Nuses_-_Valbonë.jpg]
[cdn.prod.website-files.com/65e725860dff8ddbac53ef69/65e769f36633e9a708dac3c0_mountain-view-ezgif.com-optijpeg.jpg]
[www.bstrust369.com/blog-posts/turizm.html]
[www.bstrust369.com/about.html]
[www.bstrust369.com/catalog.html]
[www.bstrust369.com/blog.html]
[www.bstrust369.com/listings/gray-apartment-in-bruchi-1-1.html]
[www.bstrust369.com/listings/uyutnye-appartamenty.html]
[cdn.prod.website-files.com/65e725860dff8ddbac53efc5/66d58505de7979bd06b3ffe0_photo_2024-04-10_22-08-19.jpg]
[www.bstrust369.com/faq.html]
[cdn.prod.website-files.com/65e725860dff8ddbac53efc5/65eb234b87012031c4e7d793_photo_6003601644396331019_y (1).jpg]
[www.bstrust369.com/listings/uyutnaya-2-komnatnaya-kvartira-v-dome-pallati.html]
[www.bstrust369.com/listings/komfortnaya-studiya-magdalena-r-n-plyazh.html]
[cdn.prod.website-files.com/65e725860dff8ddbac53efc5/66d5880598656df6ce171fa0_66bd0dcdde1635add47727d9_photo_2024-08-14_23-02-07-p-130x130q80.jpg]
[www.bstrust369.com/contact.html]
[cdn.prod.website-files.com/65e725860dff8ddbac53efc5/66d587b9e275cf7fe32a6a18_66be57ea30d2e8895fccfbd6_photo_2024-08-10_14-39-28 (2)-p-130x130q80.jpg]
[www.bstrust369.com/listings/byudzhetnaya-2---komnatnaya-kvartira-u-morya.html]
[www.bstrust369.com/listings/uyutnaya-2---komnatnaya-kvartira-o-r.html]
[cdn.prod.website-files.com/65e725860dff8ddbac53efc5/66d5873148c914d8f022e574_66be5ca4b4faf94c3a24413a_photo_2024-08-06_18-08-31 (3)-p-130x130q80.jpg]
[www.bstrust369.com/contactform.html]
[cdn.prod.website-files.com/65e725860dff8ddbac53efc5/66d586c3a81dc3e2c58e2926_66bfa3d046e00584197ae927_photo_2024-07-29_22-36-52 (2)-p-130x130q80.jpg]
[www.bstrust369.com/blog-posts/mestnye-prazdniki-kuhnya-i-tradicii-albanii.html]
[www.bstrust369.com/blog-posts/navigating-the-real-estate-market.html]
[cdn.prod.website-files.com/65e725860dff8ddbac53ef69/65e77ec8395796713317412a_1c321a194bb90164439a4ab9970ca854.jpg]
[cdn.prod.website-files.com/65e725860dff8ddbac53efc5/66876e4d31f457879600e258_1_wedding_best-country_1566580326.jpg]
[cdn.prod.website-files.com/65e725860dff8ddbac53efc5/661a801240f287484e9ccf95_photo_2024-04-13_14-43-49.jpg]
[cdn.prod.website-files.com/65e725860dff8ddbac53efc5/6667392b44fade7e4f5ca2e6_WhatsApp Image 2024-01-25 at 10.00.59 AM_1.jpg]
[www.bstrust369.com/blog-posts/the-future-of-real-estate.html]
[www.bstrust369.com/blog-posts/the-ultimate-guide-to-first-time-home-buying.html]
[cdn.prod.website-files.com/65e725860dff8ddbac53efc5/65e758b0ad4fc8c21680a429_large_saranda-albania-shutterstock_204912118_fcdee299f8.jpg]
[cdn.prod.website-files.com/65e725860dff8ddbac53efc5/65e75f13d5108b4b06b6d3c6_ccimage-shutterstock_2012633537.jpg]
[cdn.prod.website-files.com/65e725860dff8ddbac53efc5/66876d89d9a22ea2e9b2e74f_1629538592_kaleshet5.jpg]
[www.bstrust369.com/blog-posts/turizm.html]
[cdn.prod.website-files.com/65e725860dff8ddbac53ef69/65e725860dff8ddbac53effa_da (1).jpg]
[cdn.prod.website-files.com/65e725860dff8ddbac53ef69/65eb4a188567a1f9ba363141_7dffb128-487e-490b-be73-a57121ce0d09.jpg]
[www.bstrust369.com/blog-posts/vybor-nedvizhimosti.html]
[cdn.prod.website-files.com/65e725860dff8ddbac53ef69/65eb4a184a550e7caf389291_62d6e81e-5d28-448b-a458-85872c0f90e0.jpg]
[cdn.prod.website-files.com/65e725860dff8ddbac53ef69/65eb4b31014a66507a24ce3d_a4e7b234-4d0e-4b11-bf86-27073828b008.jpg]
[cdn.prod.website-files.com/65e725860dff8ddbac53ef69/65eb4de0338ad9665539983c_cb60a449-58fe-47b8-bb76-3087f19e50b1.jpg]
[cdn.prod.website-files.com/65e725860dff8ddbac53ef69/65eb4d77206ca300d34824ed_photo_6008363818234789327_y.jpg]
[www.bstrust369.com/listings/uyutnye-appartamenty.html]
[cdn.prod.website-files.com/65e725860dff8ddbac53ef69/65eb4d74de637c64ba845583_photo_6008363818234789328_y.jpg]
[cdn.prod.website-files.com/65e725860dff8ddbac53ef69/65eb5b2064a7688930e5c0bf_09d10e97-ac5d-4525-96e1-b2589f465046.jpg]
[www.bstrust369.com/listings/gray-apartment-in-bruchi-1-1.html]
[www.bstrust369.com/listings/komfortnaya-studiya-magdalena-r-n-plyazh.html]
[www.bstrust369.com/listings/uyutnaya-2-komnatnaya-kvartira-v-dome-pallati.html]
[www.bstrust369.com/licenses.html]
[d3e54v103j8qbb.cloudfront.net/js/jquery-3.5.1.min.dc5e7f18c820c4.js]
[cdn.prod.website-files.com/65e725860dff8ddbac53ef69/js/webflow.6e7f4226c.js]
[cdn.prod.website-files.com/65e725860dff8ddbac53ef69/65eb9ef587b214d7c648c4a0_3331327-Tirana-.jpg]
[cdn.prod.website-files.com/65e725860dff8ddbac53ef69/65e725860dff8ddbac53effe_Who We Are (1).webp]
[cdn.prod.website-files.com/65e725860dff8ddbac53ef69/65e725860dff8ddbac53f000_Work With Us (1).jpg]
[cdn.prod.website-files.com/65e725860dff8ddbac53ef69/65e7a2731426cc7e552c459f_24e88a01-2ffa-4d4c-b1e5-e96d30db0d0a.jpg]
[www.bstrust369.com/listings/byudzhetnaya-2---komnatnaya-kvartira-u-morya.html]
[cdn.jsdelivr.net/npm/@finsweet/attributes-cmsfilter@1/cmsfilter.js]
[cdn.jsdelivr.net/npm/@finsweet/attributes-cmsload@1/cmsload.js]
[www.bstrust369.com/listings/prodazha-bolshoy-kvartiry-3-1-2-sanuzla.html]
[cdn.prod.website-files.com/65e725860dff8ddbac53ef69/65e76d616633e9a708dc6b49_albania-berat-ezgif.com-crop.jpg]
[www.bstrust369.com/listings/prodazha-kvartiry-1-1-v-spalnom-rayone-durresa.html]
[www.bstrust369.com/listings/prodazha-kvartiry-2-1-v-delvine-r-n-sarandy.html]
[www.bstrust369.com/listings/uyutnaya-2---komnatnaya-kvartira-o-r.html]
[www.bstrust369.com/blog-posts/mestnye-prazdniki-kuhnya-i-tradicii-albanii.html]
[www.bstrust369.com/listings/dlya-prodazhi-kvartira-1-1-u-morya.html]
[www.bstrust369.com/listings/prodazha-kvartiry-1-1-s-bokovym-vidom-na-more-i-skalu-kavaya.html]
[www.bstrust369.com/listings/prodazha-kvartiry-1-1-v-dome-arabian.html]
[www.bstrust369.com/blog-posts/the-ultimate-guide-to-first-time-home-buying.html]
[www.bstrust369.com/catalog31a4.html]
[cdn.prod.website-files.com/65e725860dff8ddbac53efc5/66d58594cd0051504e0d4328_66c7665d8af8fbe2b6a0d305_photo_2024-08-14_11-39-32-p-130x130q80.jpg]
[cdn.prod.website-files.com/65e725860dff8ddbac53efc5/66d585c52da1b3713b22285a_66c75a2033f94907aba1bd79_photo_2024-08-20_17-25-18-p-130x130q80.jpg]
[www.bstrust369.com/licenses.html]
[cdn.prod.website-files.com/65e725860dff8ddbac53ef69/65e79b42ca98cea2e7c5ea31_de6fd8f78775c3a5b558a2a5401c1a9bc3baed35.jpg]
[cdn.prod.website-files.com/65e725860dff8ddbac53ef69/65e79d4e10b5404fe6c801f5_20200225albania-architecture-balkans-building-central.jpg]
[cdn.prod.website-files.com/65e725860dff8ddbac53ef69/65eb94d387b214d7c642b167_cropped-shutterstock_1456710995.webp]
[cdn.prod.website-files.com/65e725860dff8ddbac53ef69/65eb965e7d3deb70b55ca5d0_H--Aerial-view-to-turquoise-waters-of-Adriatic-Sea-close-to-Durres-708197887.jpg]
[cdn.prod.website-files.com/65e725860dff8ddbac53efc5/66876bc974b2b31688ac89ae_746-73b672c59b42228a27d5b7e6deb57825.png]
[cdn.prod.website-files.com/65e725860dff8ddbac53efc5/661a800610b2487e4c04c352_profile.jpg]
[cdn.prod.website-files.com/65e725860dff8ddbac53efc5/661a8064176bb28a4f4d44a0_photo_2024-04-13_14-44-51.jpg]
[cdn.prod.website-files.com/65e725860dff8ddbac53efc5/6667385d2cc492053331006c_Albania_1-min.jpg]
[cdn.prod.website-files.com/65e725860dff8ddbac53efc5/661a8347bd5832badfb74ec5_photo_2024-04-13_14-45-37.jpg]
[cdn.jsdelivr.net/npm/@finsweet/attributes-cmsselect@1/cmsselect.js]
[cdn.prod.website-files.com/65e725860dff8ddbac53efc5/65eb2371ef0fdacbdb2dccd5_photo_6003601644396331021_y.jpg]
[cdn.prod.website-files.com/65e725860dff8ddbac53efc5/65eb2371d6a2dcab3ff248c4_photo_6003601644396331020_y.jpg]
[www.bstrust369.com/types/sale.html]
[www.bstrust369.com/locations/durres.html]
[cdn.prod.website-files.com/65e725860dff8ddbac53efc5/65eb2371c8a7cae228612542_photo_6003601644396331022_y.jpg]
[www.bstrust369.com/listings/prodazha-bolshoy-kvartiry-3-1-2-sanuzla.html]
[www.bstrust369.com/listings/prodazha-kvartiry-1-1-v-spalnom-rayone-durresa.html]
[cdn.prod.website-files.com/65e725860dff8ddbac53efc5/65eb237155b920ee11623209_photo_6003601644396331026_y.jpg]
[cdn.prod.website-files.com/65e725860dff8ddbac53efc5/65eb2371fc742f410adc7f1d_photo_6003601644396331025_y.jpg]
[cdn.prod.website-files.com/65e725860dff8ddbac53efc5/65eb23710312e2c8389cf03f_photo_6003601644396331023_y.jpg]
[cdn.prod.website-files.com/65e725860dff8ddbac53efc5/65eb2371850c3a9dba6ebfb2_photo_6003601644396331024_y.jpg]
[www.bstrust369.com/listings/prodazha-kvartiry-2-1-v-delvine-r-n-sarandy.html]
[cdn.prod.website-files.com/65e725860dff8ddbac53efc5/65eb2371b91553b7e2c44f17_photo_6003601644396331027_y.jpg]
[cdn.prod.website-files.com/65e725860dff8ddbac53efc5/65eb237171d375fa459f8452_photo_6003601644396331031_y.jpg]
[cdn.prod.website-files.com/65e725860dff8ddbac53efc5/65eb2371fbcda88686085a80_photo_6003601644396331028_y.jpg]
[cdn.prod.website-files.com/65e725860dff8ddbac53efc5/65eb23713ddd2ccaf1c435c5_photo_6003601644396331030_y.jpg]
[www.bstrust369.com/listings/prodazha-kvartiry-1-1-v-dome-arabian.html]
[cdn.prod.website-files.com/65e725860dff8ddbac53efc5/65eb23719e7d0bda539cb502_photo_6003601644396331018_y.jpg]
[cdn.prod.website-files.com/65e725860dff8ddbac53efc5/661e702ef5c2dfb29a74e217_IMG_20240416_092239_070.jpg]
[cdn.prod.website-files.com/65e725860dff8ddbac53efc5/65eb23724febc33297a739ae_photo_6003601644396331016_y.jpg]
[cdn.prod.website-files.com/65e725860dff8ddbac53efc5/65eb2371b0e4cc93cade6237_photo_6003601644396331017_y.jpg]
[cdn.prod.website-files.com/65e725860dff8ddbac53efc5/661e702edf55a3ca5a52c9bc_IMG_20240416_092239_088.jpg]
[cdn.prod.website-files.com/65e725860dff8ddbac53efc5/661e702d51a014d84f363fbe_IMG_20240416_092239_112.jpg]
[cdn.prod.website-files.com/65e725860dff8ddbac53efc5/661e702dba0a289a5b6cc085_IMG_20240416_092239_137.jpg]
[cdn.prod.website-files.com/65e725860dff8ddbac53efc5/661e702d83b15148b1b202ec_IMG_20240416_092239_440.jpg]
[www.bstrust369.com/listings/prodazha-kvartiry-1-1-s-bokovym-vidom-na-more-i-skalu-kavaya.html]
[www.bstrust369.com/listings/dlya-prodazhi-kvartira-1-1-u-morya.html]
[www.bstrust369.com/types/rent.html]
[cdn.prod.website-files.com/65e725860dff8ddbac53efc5/661e702d775b4ca654049ed8_IMG_20240416_092239_672.jpg]
[cdn.prod.website-files.com/65e725860dff8ddbac53efc5/66bd0dce3e281283c4055c77_photo_2024-06-02_00-33-51.jpg]
[cdn.prod.website-files.com/65e725860dff8ddbac53efc5/661e702dd18dcc07a07efbb2_IMG_20240416_092239_462.jpg]
[cdn.prod.website-files.com/65e725860dff8ddbac53efc5/66bd0dcebc71f3ded27fb2b2_photo_2024-06-02_00-33-52 (2).jpg]
[cdn.prod.website-files.com/65e725860dff8ddbac53efc5/66bd0dcda6ea49083584fdf7_photo_2024-06-02_00-33-52 (4).jpg]
[cdn.prod.website-files.com/65e725860dff8ddbac53efc5/66bd0dcede0cca264570f851_photo_2024-06-02_00-33-52 (3).jpg]
[cdn.prod.website-files.com/65e725860dff8ddbac53efc5/66bd0dcd99c8b478e97471f8_photo_2024-06-02_00-33-52.jpg]
[www.bstrust369.com/catalog31a4.html]
[www.bstrust369.com/locations/durres.html]
[www.bstrust369.com/types/sale.html]
[cdn.prod.website-files.com/65e725860dff8ddbac53efc5/66be57ebf8e58171c6c1f74e_photo_2024-08-10_14-39-27 (3).jpg]
[cdn.prod.website-files.com/65e725860dff8ddbac53efc5/66bd0dcdde1635add47727d9_photo_2024-08-14_23-02-07.jpg]
[www.bstrust369.com/types/rent.html]
[cdn.prod.website-files.com/65e725860dff8ddbac53efc5/66be57ed766b9bef2b806307_photo_2024-08-10_14-39-27 (2).jpg]
[cdn.prod.website-files.com/65e725860dff8ddbac53efc5/66be57ebcb273503baf1f0f0_photo_2024-08-10_14-39-27 (4).jpg]
[cdn.prod.website-files.com/65e725860dff8ddbac53efc5/66be57eac52c344c36c934c4_photo_2024-08-10_14-39-27.jpg]
[cdn.prod.website-files.com/65e725860dff8ddbac53efc5/66be57ea30d2e8895fccfbd6_photo_2024-08-10_14-39-28 (2).jpg]
[cdn.prod.website-files.com/65e725860dff8ddbac53efc5/66be57e84380c06bb6e75ac3_photo_2024-08-10_14-39-28 (3).jpg]
[cdn.prod.website-files.com/65e725860dff8ddbac53efc5/66be57e87c074398171fb0fb_photo_2024-08-10_14-39-28 (4).jpg]
[cdn.prod.website-files.com/65e725860dff8ddbac53efc5/66be57e79441223eceeb4c96_photo_2024-08-10_14-39-28.jpg]
[cdn.prod.website-files.com/65e725860dff8ddbac53efc5/66be5ca550c3543f44ae2c90_photo_2024-08-06_18-08-30 (2).jpg]
[cdn.prod.website-files.com/65e725860dff8ddbac53efc5/66be5ca5d643f47c848df351_photo_2024-08-06_18-08-30 (3).jpg]
[cdn.prod.website-files.com/65e725860dff8ddbac53efc5/66be57e7990e07b9fd7cfb14_photo_2024-08-10_14-39-28 (5).jpg]
[cdn.prod.website-files.com/65e725860dff8ddbac53efc5/66be5ca564858cb35def6571_photo_2024-08-06_18-08-30.jpg]
[cdn.prod.website-files.com/65e725860dff8ddbac53efc5/66be5ca42141b4414d7d9f97_photo_2024-08-06_18-08-31 (2).jpg]
[cdn.prod.website-files.com/65e725860dff8ddbac53efc5/66be5ca4b4faf94c3a24413a_photo_2024-08-06_18-08-31 (3).jpg]
[cdn.prod.website-files.com/65e725860dff8ddbac53efc5/66be5ca4bac8ce0740c4d576_photo_2024-08-06_18-08-31 (4).jpg]
[cdn.prod.website-files.com/65e725860dff8ddbac53efc5/66be5ca42afe48de8ae3b388_photo_2024-08-06_18-08-32 (2).jpg]
[cdn.prod.website-files.com/65e725860dff8ddbac53efc5/66be5ca4afe58c2730fe869e_photo_2024-08-06_18-08-31.jpg]
[cdn.prod.website-files.com/65e725860dff8ddbac53efc5/66be5ca3ed38094537dfce74_photo_2024-08-06_18-08-32.jpg]
[cdn.prod.website-files.com/65e725860dff8ddbac53efc5/66bfa3d4966481d93126c741_photo_2024-07-29_22-36-51 (2).jpg]
[cdn.prod.website-files.com/65e725860dff8ddbac53efc5/66bfa3d24666062ecfdd5be7_photo_2024-07-29_22-36-51 (3).jpg]
[cdn.prod.website-files.com/65e725860dff8ddbac53efc5/66bfa3d23922a95965b355cb_photo_2024-07-29_22-36-51 (4).jpg]
[cdn.prod.website-files.com/65e725860dff8ddbac53efc5/66bfa3d06338fdc435fe2791_photo_2024-07-29_22-36-51 (5).jpg]
[cdn.prod.website-files.com/65e725860dff8ddbac53efc5/66bfa3d06d1f2ac1aee6022f_photo_2024-07-29_22-36-51 (6).jpg]
[cdn.prod.website-files.com/65e725860dff8ddbac53efc5/66bfa3d046e00584197ae927_photo_2024-07-29_22-36-52 (2).jpg]
[cdn.prod.website-files.com/65e725860dff8ddbac53efc5/66bfa3cf705bea90adef9cf2_photo_2024-07-29_22-36-51.jpg]
[cdn.prod.website-files.com/65e725860dff8ddbac53efc5/66bfa3cfbfb5dc461c831934_photo_2024-07-29_22-36-52.jpg]
[cdn.prod.website-files.com/65e725860dff8ddbac53efc5/66bfa3cfe6d82c18c757cb91_photo_2024-07-29_22-36-52 (3).jpg]
[cdn.prod.website-files.com/65e725860dff8ddbac53efc5/66876e72a9920bd2082f4e81_h_ru_den_albania.jpg]
[cdn.prod.website-files.com/65e725860dff8ddbac53efc5/66876f6fe70dbf019dca599d_IMAGE_13497867_40_0.jpg]
[cdn.prod.website-files.com/65e725860dff8ddbac53efc5/66876f0b5ef93b21f7b3b40b_2244_2245_911.jpg]
[cdn.prod.website-files.com/65e725860dff8ddbac53ef69/65e725860dff8ddbac53efe2_Contact.webp]
[cdn.prod.website-files.com/65e725860dff8ddbac53efc5/66d2e9f7b8288393191f48d5_photo_2024-08-27_17-30-42 (2).jpg]
[cdn.prod.website-files.com/65e725860dff8ddbac53efc5/66d2e9f4c73fcd21739f4173_photo_2024-08-27_17-30-43.jpg]
[cdn.prod.website-files.com/65e725860dff8ddbac53efc5/66d2e9f62eda979c9673b6e0_photo_2024-08-27_17-30-42.jpg]
[cdn.prod.website-files.com/65e725860dff8ddbac53efc5/66d2e9f56171911760817c48_photo_2024-08-27_17-30-43 (2).jpg]
[cdn.prod.website-files.com/65e725860dff8ddbac53efc5/66d2e9f4ea785d53b3d5c4d0_photo_2024-08-27_17-30-44 (2).jpg]
[cdn.prod.website-files.com/65e725860dff8ddbac53efc5/66d2e9f36e08b9f1994816af_photo_2024-08-27_17-30-45 (2).jpg]
[cdn.prod.website-files.com/65e725860dff8ddbac53efc5/66d2e9f35748d6924dcce5a4_photo_2024-08-27_17-30-44.jpg]
[cdn.prod.website-files.com/65e725860dff8ddbac53efc5/66d2e9f366d875ac32dc8d6d_photo_2024-08-27_17-30-44 (3).jpg]
[cdn.prod.website-files.com/65e725860dff8ddbac53efc5/66d2e9f32eda979c9673b437_photo_2024-08-27_17-30-45.jpg]
[cdn.prod.website-files.com/65e725860dff8ddbac53efc5/66d2e638c2286b9bdd52ddb5_photo_2024-08-31_11-39-52 (2).jpg]
[cdn.prod.website-files.com/65e725860dff8ddbac53efc5/66d2e637b95a77894877dcfa_photo_2024-08-31_11-39-52 (4).jpg]
[cdn.prod.website-files.com/65e725860dff8ddbac53efc5/66d2e6375748d6924dc975e4_photo_2024-08-31_11-39-52 (3).jpg]
[cdn.prod.website-files.com/65e725860dff8ddbac53efc5/66d2e637942268b324a34fa5_photo_2024-08-31_11-39-52.jpg]
[cdn.prod.website-files.com/65e725860dff8ddbac53efc5/66d2e63710a8d05fd3eecd23_photo_2024-08-31_11-39-53 (2).jpg]
[cdn.prod.website-files.com/65e725860dff8ddbac53efc5/66d2e637840f469b77da5a76_photo_2024-08-31_11-39-53.jpg]
[cdn.prod.website-files.com/65e725860dff8ddbac53efc5/66d2e6376f585368669cc38c_photo_2024-08-31_12-39-52.jpg]
[www.bstrust369.com/locations/saranda.html]
[cdn.prod.website-files.com/65e725860dff8ddbac53efc5/66d2e861d3f02abd92144a60_photo_2024-08-31_11-39-52 (5).jpg]
[cdn.prod.website-files.com/65e725860dff8ddbac53efc5/66cda133fd1a678cc3aec6e1_photo_2024-08-26_11-13-57.jpg]
[www.bstrust369.com/locations/saranda.html]
[cdn.prod.website-files.com/65e725860dff8ddbac53efc5/66cda1335c1b3b366272459f_photo_2024-08-26_11-13-53.jpg]
[cdn.prod.website-files.com/65e725860dff8ddbac53efc5/66cda13331f23c81e808c0de_photo_2024-08-26_11-14-04.jpg]
[cdn.prod.website-files.com/65e725860dff8ddbac53efc5/66cda1359ba6bb87ed771984_photo_2024-08-26_11-14-20.jpg]
[cdn.prod.website-files.com/65e725860dff8ddbac53efc5/66cda1300373098961c13eb5_photo_2024-08-26_11-14-27.jpg]
[cdn.prod.website-files.com/65e725860dff8ddbac53efc5/66cda13028f6edcdfc4d5d3b_photo_2024-08-26_11-14-34.jpg]
[cdn.prod.website-files.com/65e725860dff8ddbac53efc5/66cda12f611d916913d2e0aa_photo_2024-08-26_11-14-49.jpg]
[cdn.prod.website-files.com/65e725860dff8ddbac53efc5/66cda12f55e2f4f805a9b451_photo_2024-08-26_11-14-56.jpg]
[cdn.prod.website-files.com/65e725860dff8ddbac53efc5/66cda12f4d8bac0736952f75_photo_2024-08-26_11-15-05.jpg]
[cdn.prod.website-files.com/65e725860dff8ddbac53efc5/66cda12f0919223821e9c50a_photo_2024-08-26_11-15-15.jpg]
[cdn.prod.website-files.com/65e725860dff8ddbac53efc5/66cda12e9d1914fe99448043_photo_2024-08-26_11-15-31.jpg]
[cdn.prod.website-files.com/65e725860dff8ddbac53efc5/66cda12fd8e406089f385a4c_photo_2024-08-26_11-15-40.jpg]
[cdn.prod.website-files.com/65e725860dff8ddbac53efc5/66c76fdd5a2dbca68c111f70_photo_2024-08-14_11-41-55 (2).jpg]
[cdn.prod.website-files.com/65e725860dff8ddbac53efc5/66c76fdd92a55481ac1cbfaf_photo_2024-08-14_11-41-55 (3).jpg]
[cdn.prod.website-files.com/65e725860dff8ddbac53efc5/66c76fda47c0f1b7396c2f66_photo_2024-08-14_11-41-55 (4).jpg]
[cdn.prod.website-files.com/65e725860dff8ddbac53efc5/66c76fda169688fd62c43960_photo_2024-08-14_11-41-55 (5).jpg]
[cdn.prod.website-files.com/65e725860dff8ddbac53efc5/66c76fd91a07a47c07f024bf_photo_2024-08-14_11-41-55.jpg]
[cdn.prod.website-files.com/65e725860dff8ddbac53efc5/66c76fd8b1e95be9119225db_photo_2024-08-14_11-41-56 (2).jpg]
[cdn.prod.website-files.com/65e725860dff8ddbac53efc5/66c76fd7e31104f2c25bf8fe_photo_2024-08-14_11-41-56 (3).jpg]
[cdn.prod.website-files.com/65e725860dff8ddbac53efc5/66c76fd6a7ba363c33c2fc5f_photo_2024-08-14_11-41-56.jpg]
[cdn.prod.website-files.com/65e725860dff8ddbac53efc5/66c76fd7d16394a5fbfc26fb_photo_2024-08-14_11-41-56 (4).jpg]
[cdn.prod.website-files.com/65e725860dff8ddbac53efc5/66c75a2033f94907aba1bd79_photo_2024-08-20_17-25-18.jpg]
[cdn.prod.website-files.com/65e725860dff8ddbac53efc5/66c7665d8af8fbe2b6a0d305_photo_2024-08-14_11-39-32.jpg]
[cdn.prod.website-files.com/65e725860dff8ddbac53efc5/66c7665c3712297fa4ddb394_photo_2024-08-14_11-39-33.jpg]
[cdn.prod.website-files.com/65e725860dff8ddbac53efc5/66c7665b4c72fe47c8f73f45_photo_2024-08-14_11-39-34 (2).jpg]
[cdn.prod.website-files.com/65e725860dff8ddbac53efc5/66c7665906bab8ce25bcca5d_photo_2024-08-14_11-39-34 (3).jpg]
[cdn.prod.website-files.com/65e725860dff8ddbac53efc5/66c76659ccb47738e8a574b5_photo_2024-08-14_11-39-34.jpg]
[cdn.prod.website-files.com/65e725860dff8ddbac53efc5/66c76658405e03e1a365589e_photo_2024-08-14_11-39-35 (2).jpg]
[cdn.prod.website-files.com/65e725860dff8ddbac53efc5/66c76658c085f7f8b4ca172f_photo_2024-08-14_11-39-35 (3).jpg]
[cdn.prod.website-files.com/65e725860dff8ddbac53efc5/66c75a1eb53c3d860bd74c8d_photo_2024-08-20_17-25-21.jpg]
[cdn.prod.website-files.com/65e725860dff8ddbac53efc5/66c766588c74a577f833baac_photo_2024-08-14_11-39-35.jpg]
[cdn.prod.website-files.com/65e725860dff8ddbac53efc5/66c75a1ef5da3631257d2406_photo_2024-08-20_17-25-23.jpg]
[cdn.prod.website-files.com/65e725860dff8ddbac53efc5/66c75a1daffe96a60cd1cd6f_photo_2024-08-20_17-25-29.jpg]
